TN:
SF:src\lib\cache.ts
FN:18,generateCacheKey
FN:24,setCache
FN:31,getCache
FN:35,deleteCache
FN:40,setLongCache
FN:44,getLongCache
FN:49,clearUserCache
FN:51,(anonymous_8)
FN:59,cacheMiddleware
FN:60,(anonymous_10)
FN:79,(anonymous_11)
FN:92,getCacheStats
FNF:12
FNH:0
FNDA:0,generateCacheKey
FNDA:0,setCache
FNDA:0,getCache
FNDA:0,deleteCache
FNDA:0,setLongCache
FNDA:0,getLongCache
FNDA:0,clearUserCache
FNDA:0,(anonymous_8)
FNDA:0,cacheMiddleware
FNDA:0,(anonymous_10)
FNDA:0,(anonymous_11)
FNDA:0,getCacheStats
DA:1,0
DA:4,0
DA:11,0
DA:18,0
DA:19,0
DA:20,0
DA:24,0
DA:25,0
DA:26,0
DA:28,0
DA:31,0
DA:32,0
DA:35,0
DA:36,0
DA:40,0
DA:41,0
DA:44,0
DA:45,0
DA:49,0
DA:50,0
DA:51,0
DA:52,0
DA:53,0
DA:54,0
DA:59,0
DA:60,0
DA:62,0
DA:63,0
DA:66,0
DA:70,0
DA:72,0
DA:73,0
DA:74,0
DA:78,0
DA:79,0
DA:80,0
DA:81,0
DA:82,0
DA:84,0
DA:87,0
DA:92,0
DA:93,0
DA:103,0
LF:43
LH:0
BRDA:19,0,0,0
BRDA:19,0,1,0
BRDA:25,1,0,0
BRDA:25,1,1,0
BRDA:52,2,0,0
BRDA:52,2,1,0
BRDA:59,3,0,0
BRDA:62,4,0,0
BRDA:62,4,1,0
BRDA:66,5,0,0
BRDA:66,5,1,0
BRDA:68,6,0,0
BRDA:68,6,1,0
BRDA:72,7,0,0
BRDA:72,7,1,0
BRDA:80,8,0,0
BRDA:80,8,1,0
BRF:17
BRH:0
end_of_record
TN:
SF:src\lib\prisma.ts
FN:15,(anonymous_0)
FN:18,(anonymous_1)
FNF:2
FNH:0
FNDA:0,(anonymous_0)
FNDA:0,(anonymous_1)
DA:1,0
DA:4,0
DA:14,0
DA:16,0
DA:19,0
DA:22,0
LF:6
LH:0
BRDA:10,0,0,0
BRDA:10,0,1,0
BRF:2
BRH:0
end_of_record
TN:
SF:src\middleware\auth.ts
FN:17,authenticateJWT
FN:45,(anonymous_2)
FNF:2
FNH:2
FNDA:5,authenticateJWT
FNDA:3,(anonymous_2)
DA:2,1
DA:17,1
DA:18,5
DA:20,5
DA:28,5
DA:29,1
DA:30,1
DA:33,4
DA:35,4
DA:36,1
DA:37,1
DA:40,3
DA:41,0
DA:42,0
DA:45,3
DA:46,3
DA:47,2
DA:55,2
DA:56,2
DA:57,2
DA:58,1
DA:67,0
DA:70,2
DA:73,1
DA:78,1
DA:79,1
LF:26
LH:23
BRDA:24,0,0,4
BRDA:24,0,1,1
BRDA:28,1,0,1
BRDA:28,1,1,4
BRDA:35,2,0,1
BRDA:35,2,1,3
BRDA:40,3,0,0
BRDA:40,3,1,3
BRDA:46,4,0,2
BRDA:46,4,1,1
BRDA:57,5,0,1
BRDA:57,5,1,1
BRDA:61,6,0,1
BRDA:61,6,1,0
BRDA:61,7,0,1
BRDA:61,7,1,1
BRDA:61,7,2,1
BRF:17
BRH:15
end_of_record
TN:
SF:src\middleware\pagination.ts
FN:24,paginationMiddleware
FN:44,createPaginatedResponse
FN:65,getPrismaQuery
FN:76,paginationHeaders
FN:79,(anonymous_4)
FNF:5
FNH:0
FNDA:0,paginationMiddleware
FNDA:0,createPaginatedResponse
FNDA:0,getPrismaQuery
FNDA:0,paginationHeaders
FNDA:0,(anonymous_4)
DA:24,0
DA:25,0
DA:26,0
DA:27,0
DA:29,0
DA:30,0
DA:32,0
DA:40,0
DA:44,0
DA:49,0
DA:51,0
DA:65,0
DA:66,0
DA:76,0
DA:77,0
DA:79,0
DA:80,0
DA:81,0
DA:90,0
DA:93,0
LF:20
LH:0
BRDA:25,0,0,0
BRDA:25,0,1,0
BRDA:26,1,0,0
BRDA:26,1,1,0
BRDA:29,2,0,0
BRDA:29,2,1,0
BRDA:30,3,0,0
BRDA:30,3,1,0
BRDA:65,4,0,0
BRDA:70,5,0,0
BRDA:70,5,1,0
BRDA:80,6,0,0
BRDA:80,6,1,0
BRDA:80,7,0,0
BRDA:80,7,1,0
BRF:15
BRH:0
end_of_record
TN:
SF:src\middleware\rateLimiter.ts
FN:42,(anonymous_1)
FN:45,(anonymous_2)
FN:54,(anonymous_3)
FNF:3
FNH:1
FNDA:0,(anonymous_1)
FNDA:0,(anonymous_2)
FNDA:2,(anonymous_3)
DA:1,1
DA:2,1
DA:5,1
DA:16,1
DA:28,1
DA:39,1
DA:42,0
DA:46,0
DA:51,1
DA:56,2
DA:66,1
LF:11
LH:9
BRDA:46,0,0,0
BRDA:46,0,1,0
BRDA:56,1,0,2
BRDA:56,1,1,0
BRF:4
BRH:1
end_of_record
TN:
SF:src\routes\aalLevel.ts
FN:7,(anonymous_0)
FNF:1
FNH:0
FNDA:0,(anonymous_0)
DA:1,0
DA:4,0
DA:7,0
DA:8,0
DA:11,0
LF:5
LH:0
BRF:0
BRH:0
end_of_record
TN:
SF:src\routes\auditLogEntries.ts
FN:5,(anonymous_1)
FN:11,(anonymous_2)
FN:18,(anonymous_3)
FN:28,(anonymous_4)
FN:41,(anonymous_5)
FNF:5
FNH:0
FNDA:0,(anonymous_1)
FNDA:0,(anonymous_2)
FNDA:0,(anonymous_3)
FNDA:0,(anonymous_4)
FNDA:0,(anonymous_5)
DA:1,0
DA:2,0
DA:3,0
DA:5,0
DA:6,0
DA:7,0
DA:11,0
DA:12,0
DA:13,0
DA:14,0
DA:18,0
DA:19,0
DA:20,0
DA:21,0
DA:23,0
DA:28,0
DA:29,0
DA:30,0
DA:34,0
DA:36,0
DA:41,0
DA:42,0
DA:43,0
DA:44,0
DA:46,0
DA:50,0
LF:26
LH:0
BRDA:13,0,0,0
BRDA:13,0,1,0
BRF:2
BRH:0
end_of_record
TN:
SF:src\routes\auth.ts
FN:9,(anonymous_1)
FN:16,(anonymous_2)
FN:63,(anonymous_3)
FN:72,(anonymous_4)
FN:98,(anonymous_5)
FNF:5
FNH:0
FNDA:0,(anonymous_1)
FNDA:0,(anonymous_2)
FNDA:0,(anonymous_3)
FNDA:0,(anonymous_4)
FNDA:0,(anonymous_5)
DA:1,0
DA:2,0
DA:3,0
DA:4,0
DA:5,0
DA:7,0
DA:9,0
DA:10,0
DA:11,0
DA:12,0
DA:13,0
DA:16,0
DA:17,0
DA:18,0
DA:20,0
DA:21,0
DA:24,0
DA:26,0
DA:27,0
DA:30,0
DA:31,0
DA:32,0
DA:35,0
DA:41,0
DA:43,0
DA:52,0
DA:54,0
DA:55,0
DA:58,0
DA:63,0
DA:64,0
DA:72,0
DA:73,0
DA:74,0
DA:76,0
DA:77,0
DA:81,0
DA:82,0
DA:86,0
DA:89,0
DA:90,0
DA:98,0
DA:99,0
DA:100,0
DA:101,0
DA:102,0
DA:103,0
DA:104,0
DA:105,0
DA:106,0
DA:109,0
DA:119,0
DA:129,0
DA:130,0
DA:134,0
LF:55
LH:0
BRDA:20,0,0,0
BRDA:20,0,1,0
BRDA:20,1,0,0
BRDA:20,1,1,0
BRDA:26,2,0,0
BRDA:26,2,1,0
BRDA:31,3,0,0
BRDA:31,3,1,0
BRDA:54,4,0,0
BRDA:54,4,1,0
BRDA:54,5,0,0
BRDA:54,5,1,0
BRDA:76,6,0,0
BRDA:76,6,1,0
BRDA:81,7,0,0
BRDA:81,7,1,0
BRDA:89,8,0,0
BRDA:89,8,1,0
BRDA:99,9,0,0
BRDA:99,9,1,0
BRDA:101,10,0,0
BRDA:101,10,1,0
BRDA:103,11,0,0
BRDA:103,11,1,0
BRDA:105,12,0,0
BRDA:105,12,1,0
BRF:26
BRH:0
end_of_record
TN:
SF:src\routes\cashFlow.ts
FN:15,(anonymous_1)
FN:23,(anonymous_2)
FN:64,(anonymous_3)
FN:78,(anonymous_4)
FN:97,(anonymous_5)
FN:170,(anonymous_6)
FN:202,(anonymous_7)
FNF:7
FNH:0
FNDA:0,(anonymous_1)
FNDA:0,(anonymous_2)
FNDA:0,(anonymous_3)
FNDA:0,(anonymous_4)
FNDA:0,(anonymous_5)
FNDA:0,(anonymous_6)
FNDA:0,(anonymous_7)
DA:1,0
DA:2,0
DA:3,0
DA:4,0
DA:5,0
DA:6,0
DA:8,0
DA:10,0
DA:15,0
DA:24,0
DA:26,0
DA:28,0
DA:31,0
DA:32,0
DA:36,0
DA:37,0
DA:41,0
DA:42,0
DA:43,0
DA:44,0
DA:46,0
DA:47,0
DA:52,0
DA:55,0
DA:64,0
DA:69,0
DA:70,0
DA:72,0
DA:73,0
DA:78,0
DA:79,0
DA:81,0
DA:82,0
DA:88,0
DA:89,0
DA:91,0
DA:92,0
DA:97,0
DA:98,0
DA:100,0
DA:101,0
DA:105,0
DA:106,0
DA:108,0
DA:110,0
DA:113,0
DA:118,0
DA:121,0
DA:123,0
DA:124,0
DA:125,0
DA:126,0
DA:134,0
DA:137,0
DA:147,0
DA:150,0
DA:152,0
DA:153,0
DA:155,0
DA:157,0
DA:158,0
DA:159,0
DA:161,0
DA:170,0
DA:171,0
DA:173,0
DA:175,0
DA:182,0
DA:183,0
DA:186,0
DA:192,0
DA:194,0
DA:196,0
DA:197,0
DA:202,0
DA:203,0
DA:205,0
DA:207,0
DA:214,0
DA:215,0
DA:218,0
DA:221,0
DA:223,0
DA:225,0
DA:226,0
DA:230,0
LF:86
LH:0
BRDA:24,0,0,0
BRDA:24,0,1,0
BRDA:31,1,0,0
BRDA:31,1,1,0
BRDA:36,2,0,0
BRDA:36,2,1,0
BRDA:41,3,0,0
BRDA:41,3,1,0
BRDA:41,4,0,0
BRDA:41,4,1,0
BRDA:43,5,0,0
BRDA:43,5,1,0
BRDA:46,6,0,0
BRDA:46,6,1,0
BRDA:79,7,0,0
BRDA:79,7,1,0
BRDA:88,8,0,0
BRDA:88,8,1,0
BRDA:98,9,0,0
BRDA:98,9,1,0
BRDA:103,10,0,0
BRDA:103,10,1,0
BRDA:123,11,0,0
BRDA:123,11,1,0
BRDA:158,12,0,0
BRDA:158,12,1,0
BRDA:163,13,0,0
BRDA:163,13,1,0
BRDA:164,14,0,0
BRDA:164,14,1,0
BRDA:164,15,0,0
BRDA:164,15,1,0
BRDA:171,16,0,0
BRDA:171,16,1,0
BRDA:182,17,0,0
BRDA:182,17,1,0
BRDA:203,18,0,0
BRDA:203,18,1,0
BRDA:214,19,0,0
BRDA:214,19,1,0
BRF:40
BRH:0
end_of_record
TN:
SF:src\routes\categories.ts
FN:16,(anonymous_1)
FN:19,(anonymous_2)
FN:56,(anonymous_3)
FN:82,(anonymous_4)
FN:112,(anonymous_5)
FN:146,(anonymous_6)
FNF:6
FNH:0
FNDA:0,(anonymous_1)
FNDA:0,(anonymous_2)
FNDA:0,(anonymous_3)
FNDA:0,(anonymous_4)
FNDA:0,(anonymous_5)
FNDA:0,(anonymous_6)
DA:1,0
DA:2,0
DA:3,0
DA:4,0
DA:5,0
DA:6,0
DA:7,0
DA:9,0
DA:10,0
DA:13,0
DA:16,0
DA:20,0
DA:22,0
DA:24,0
DA:26,0
DA:48,0
DA:50,0
DA:51,0
DA:56,0
DA:57,0
DA:59,0
DA:60,0
DA:61,0
DA:64,0
DA:65,0
DA:73,0
DA:74,0
DA:76,0
DA:77,0
DA:82,0
DA:83,0
DA:84,0
DA:85,0
DA:87,0
DA:89,0
DA:90,0
DA:93,0
DA:99,0
DA:102,0
DA:104,0
DA:106,0
DA:107,0
DA:112,0
DA:113,0
DA:115,0
DA:116,0
DA:117,0
DA:119,0
DA:120,0
DA:121,0
DA:124,0
DA:126,0
DA:130,0
DA:131,0
DA:134,0
DA:138,0
DA:140,0
DA:141,0
DA:146,0
DA:147,0
DA:149,0
DA:150,0
DA:151,0
DA:154,0
DA:156,0
DA:160,0
DA:161,0
DA:164,0
DA:165,0
DA:167,0
DA:168,0
DA:172,0
LF:72
LH:0
BRDA:20,0,0,0
BRDA:20,0,1,0
BRDA:29,1,0,0
BRDA:29,1,1,0
BRDA:57,2,0,0
BRDA:57,2,1,0
BRDA:60,3,0,0
BRDA:60,3,1,0
BRDA:73,4,0,0
BRDA:73,4,1,0
BRDA:84,5,0,0
BRDA:84,5,1,0
BRDA:89,6,0,0
BRDA:89,6,1,0
BRDA:113,7,0,0
BRDA:113,7,1,0
BRDA:116,8,0,0
BRDA:116,8,1,0
BRDA:120,9,0,0
BRDA:120,9,1,0
BRDA:130,10,0,0
BRDA:130,10,1,0
BRDA:147,11,0,0
BRDA:147,11,1,0
BRDA:150,12,0,0
BRDA:150,12,1,0
BRDA:160,13,0,0
BRDA:160,13,1,0
BRF:28
BRH:0
end_of_record
TN:
SF:src\routes\codeChallengeMethod.ts
FN:7,(anonymous_0)
FNF:1
FNH:0
FNDA:0,(anonymous_0)
DA:1,0
DA:4,0
DA:7,0
DA:8,0
DA:11,0
LF:5
LH:0
BRF:0
BRH:0
end_of_record
TN:
SF:src\routes\controllerAdmins.ts
FN:5,(anonymous_1)
FN:11,(anonymous_2)
FN:21,(anonymous_3)
FN:31,(anonymous_4)
FN:44,(anonymous_5)
FNF:5
FNH:0
FNDA:0,(anonymous_1)
FNDA:0,(anonymous_2)
FNDA:0,(anonymous_3)
FNDA:0,(anonymous_4)
FNDA:0,(anonymous_5)
DA:1,0
DA:2,0
DA:3,0
DA:5,0
DA:6,0
DA:7,0
DA:11,0
DA:12,0
DA:16,0
DA:17,0
DA:21,0
DA:22,0
DA:23,0
DA:24,0
DA:26,0
DA:31,0
DA:32,0
DA:33,0
DA:37,0
DA:39,0
DA:44,0
DA:45,0
DA:46,0
DA:47,0
DA:49,0
DA:53,0
LF:26
LH:0
BRDA:16,0,0,0
BRDA:16,0,1,0
BRF:2
BRH:0
end_of_record
TN:
SF:src\routes\creditAccounts.ts
FN:19,(anonymous_1)
FN:25,(anonymous_2)
FN:64,(anonymous_3)
FN:78,(anonymous_4)
FN:122,(anonymous_5)
FN:221,(anonymous_6)
FN:266,(anonymous_7)
FN:308,(anonymous_8)
FN:344,(anonymous_9)
FNF:9
FNH:0
FNDA:0,(anonymous_1)
FNDA:0,(anonymous_2)
FNDA:0,(anonymous_3)
FNDA:0,(anonymous_4)
FNDA:0,(anonymous_5)
FNDA:0,(anonymous_6)
FNDA:0,(anonymous_7)
FNDA:0,(anonymous_8)
FNDA:0,(anonymous_9)
DA:1,0
DA:2,0
DA:3,0
DA:4,0
DA:5,0
DA:6,0
DA:7,0
DA:8,0
DA:10,0
DA:11,0
DA:14,0
DA:19,0
DA:26,0
DA:28,0
DA:30,0
DA:33,0
DA:34,0
DA:41,0
DA:42,0
DA:46,0
DA:49,0
DA:64,0
DA:69,0
DA:70,0
DA:72,0
DA:73,0
DA:78,0
DA:79,0
DA:81,0
DA:82,0
DA:83,0
DA:86,0
DA:87,0
DA:104,0
DA:105,0
DA:109,0
DA:114,0
DA:116,0
DA:117,0
DA:122,0
DA:123,0
DA:125,0
DA:126,0
DA:130,0
DA:131,0
DA:133,0
DA:135,0
DA:140,0
DA:143,0
DA:145,0
DA:146,0
DA:147,0
DA:148,0
DA:156,0
DA:159,0
DA:166,0
DA:167,0
DA:168,0
DA:179,0
DA:190,0
DA:195,0
DA:198,0
DA:200,0
DA:201,0
DA:203,0
DA:208,0
DA:209,0
DA:210,0
DA:212,0
DA:221,0
DA:222,0
DA:224,0
DA:225,0
DA:226,0
DA:229,0
DA:230,0
DA:231,0
DA:234,0
DA:236,0
DA:243,0
DA:244,0
DA:247,0
DA:253,0
DA:255,0
DA:260,0
DA:261,0
DA:266,0
DA:267,0
DA:269,0
DA:270,0
DA:271,0
DA:274,0
DA:276,0
DA:283,0
DA:284,0
DA:288,0
DA:289,0
DA:295,0
DA:298,0
DA:300,0
DA:302,0
DA:303,0
DA:308,0
DA:309,0
DA:311,0
DA:312,0
DA:313,0
DA:316,0
DA:318,0
DA:325,0
DA:326,0
DA:330,0
DA:344,0
DA:349,0
DA:351,0
DA:352,0
DA:356,0
LF:117
LH:0
BRDA:26,0,0,0
BRDA:26,0,1,0
BRDA:33,1,0,0
BRDA:33,1,1,0
BRDA:41,2,0,0
BRDA:41,2,1,0
BRDA:79,3,0,0
BRDA:79,3,1,0
BRDA:82,4,0,0
BRDA:82,4,1,0
BRDA:104,5,0,0
BRDA:104,5,1,0
BRDA:123,6,0,0
BRDA:123,6,1,0
BRDA:128,7,0,0
BRDA:128,7,1,0
BRDA:145,8,0,0
BRDA:145,8,1,0
BRDA:166,9,0,0
BRDA:166,9,1,0
BRDA:209,10,0,0
BRDA:209,10,1,0
BRDA:214,11,0,0
BRDA:214,11,1,0
BRDA:215,12,0,0
BRDA:215,12,1,0
BRDA:215,13,0,0
BRDA:215,13,1,0
BRDA:222,14,0,0
BRDA:222,14,1,0
BRDA:225,15,0,0
BRDA:225,15,1,0
BRDA:230,16,0,0
BRDA:230,16,1,0
BRDA:243,17,0,0
BRDA:243,17,1,0
BRDA:267,18,0,0
BRDA:267,18,1,0
BRDA:270,19,0,0
BRDA:270,19,1,0
BRDA:283,20,0,0
BRDA:283,20,1,0
BRDA:288,21,0,0
BRDA:288,21,1,0
BRDA:309,22,0,0
BRDA:309,22,1,0
BRDA:312,23,0,0
BRDA:312,23,1,0
BRDA:325,24,0,0
BRDA:325,24,1,0
BRF:50
BRH:0
end_of_record
TN:
SF:src\routes\creditTransactions.ts
FN:18,calculateDueDates
FN:49,recalcularTotalDebt
FN:88,atualizarTotalDebt
FN:125,(anonymous_4)
FN:131,(anonymous_5)
FN:173,(anonymous_6)
FN:187,(anonymous_7)
FN:234,(anonymous_8)
FN:283,(anonymous_9)
FN:318,(anonymous_10)
FN:352,(anonymous_11)
FN:369,processarDebitoComParcelamento
FN:370,(anonymous_13)
FN:449,(anonymous_14)
FN:473,(anonymous_15)
FN:499,(anonymous_16)
FN:528,(anonymous_17)
FN:555,(anonymous_18)
FN:582,(anonymous_19)
FN:625,(anonymous_20)
FNF:20
FNH:0
FNDA:0,calculateDueDates
FNDA:0,recalcularTotalDebt
FNDA:0,atualizarTotalDebt
FNDA:0,(anonymous_4)
FNDA:0,(anonymous_5)
FNDA:0,(anonymous_6)
FNDA:0,(anonymous_7)
FNDA:0,(anonymous_8)
FNDA:0,(anonymous_9)
FNDA:0,(anonymous_10)
FNDA:0,(anonymous_11)
FNDA:0,processarDebitoComParcelamento
FNDA:0,(anonymous_13)
FNDA:0,(anonymous_14)
FNDA:0,(anonymous_15)
FNDA:0,(anonymous_16)
FNDA:0,(anonymous_17)
FNDA:0,(anonymous_18)
FNDA:0,(anonymous_19)
FNDA:0,(anonymous_20)
DA:1,0
DA:2,0
DA:3,0
DA:8,0
DA:9,0
DA:10,0
DA:11,0
DA:12,0
DA:14,0
DA:15,0
DA:19,0
DA:20,0
DA:22,0
DA:23,0
DA:25,0
DA:27,0
DA:28,0
DA:30,0
DA:31,0
DA:33,0
DA:34,0
DA:36,0
DA:37,0
DA:39,0
DA:42,0
DA:45,0
DA:50,0
DA:52,0
DA:54,0
DA:60,0
DA:61,0
DA:62,0
DA:63,0
DA:64,0
DA:65,0
DA:70,0
DA:73,0
DA:78,0
DA:80,0
DA:82,0
DA:83,0
DA:89,0
DA:91,0
DA:92,0
DA:93,0
DA:101,0
DA:102,0
DA:112,0
DA:114,0
DA:115,0
DA:120,0
DA:125,0
DA:132,0
DA:134,0
DA:136,0
DA:139,0
DA:140,0
DA:144,0
DA:145,0
DA:149,0
DA:152,0
DA:173,0
DA:178,0
DA:179,0
DA:181,0
DA:182,0
DA:187,0
DA:188,0
DA:190,0
DA:191,0
DA:192,0
DA:195,0
DA:196,0
DA:216,0
DA:217,0
DA:221,0
DA:226,0
DA:228,0
DA:229,0
DA:234,0
DA:235,0
DA:237,0
DA:239,0
DA:250,0
DA:253,0
DA:254,0
DA:261,0
DA:268,0
DA:269,0
DA:273,0
DA:280,0
DA:283,0
DA:285,0
DA:295,0
DA:306,0
DA:309,0
DA:315,0
DA:317,0
DA:319,0
DA:331,0
DA:333,0
DA:341,0
DA:343,0
DA:345,0
DA:352,0
DA:360,0
DA:361,0
DA:370,0
DA:374,0
DA:376,0
DA:383,0
DA:384,0
DA:388,0
DA:398,0
DA:399,0
DA:402,0
DA:403,0
DA:406,0
DA:413,0
DA:414,0
DA:417,0
DA:420,0
DA:422,0
DA:426,0
DA:437,0
DA:440,0
DA:446,0
DA:448,0
DA:450,0
DA:462,0
DA:464,0
DA:473,0
DA:474,0
DA:476,0
DA:478,0
DA:480,0
DA:486,0
DA:489,0
DA:491,0
DA:492,0
DA:493,0
DA:496,0
DA:499,0
DA:501,0
DA:504,0
DA:506,0
DA:510,0
DA:512,0
DA:514,0
DA:519,0
DA:520,0
DA:528,0
DA:529,0
DA:531,0
DA:532,0
DA:533,0
DA:536,0
DA:537,0
DA:538,0
DA:541,0
DA:543,0
DA:550,0
DA:551,0
DA:555,0
DA:557,0
DA:563,0
DA:565,0
DA:569,0
DA:571,0
DA:576,0
DA:577,0
DA:582,0
DA:583,0
DA:585,0
DA:586,0
DA:587,0
DA:590,0
DA:592,0
DA:599,0
DA:600,0
DA:604,0
DA:607,0
DA:609,0
DA:616,0
DA:617,0
DA:625,0
DA:626,0
DA:628,0
DA:629,0
DA:630,0
DA:633,0
DA:635,0
DA:642,0
DA:643,0
DA:646,0
DA:649,0
DA:651,0
DA:653,0
DA:654,0
DA:658,0
LF:200
LH:0
BRDA:25,0,0,0
BRDA:25,0,1,0
BRDA:25,0,2,0
BRDA:25,0,3,0
BRDA:25,0,4,0
BRDA:50,1,0,0
BRDA:50,1,1,0
BRDA:62,2,0,0
BRDA:62,2,1,0
BRDA:64,3,0,0
BRDA:64,3,1,0
BRDA:89,4,0,0
BRDA:89,4,1,0
BRDA:92,5,0,0
BRDA:92,5,1,0
BRDA:101,6,0,0
BRDA:101,6,1,0
BRDA:132,7,0,0
BRDA:132,7,1,0
BRDA:139,8,0,0
BRDA:139,8,1,0
BRDA:144,9,0,0
BRDA:144,9,1,0
BRDA:188,10,0,0
BRDA:188,10,1,0
BRDA:191,11,0,0
BRDA:191,11,1,0
BRDA:216,12,0,0
BRDA:216,12,1,0
BRDA:235,13,0,0
BRDA:235,13,1,0
BRDA:249,14,0,0
BRDA:253,15,0,0
BRDA:253,15,1,0
BRDA:253,16,0,0
BRDA:253,16,1,0
BRDA:253,16,2,0
BRDA:253,16,3,0
BRDA:253,16,4,0
BRDA:253,16,5,0
BRDA:253,16,6,0
BRDA:268,17,0,0
BRDA:268,17,1,0
BRDA:280,18,0,0
BRDA:280,18,1,0
BRDA:363,19,0,0
BRDA:363,19,1,0
BRDA:374,20,0,0
BRDA:374,20,1,0
BRDA:383,21,0,0
BRDA:383,21,1,0
BRDA:402,22,0,0
BRDA:402,22,1,0
BRDA:413,23,0,0
BRDA:413,23,1,0
BRDA:474,24,0,0
BRDA:474,24,1,0
BRDA:483,25,0,0
BRDA:483,25,1,0
BRDA:491,26,0,0
BRDA:491,26,1,0
BRDA:522,27,0,0
BRDA:522,27,1,0
BRDA:529,28,0,0
BRDA:529,28,1,0
BRDA:532,29,0,0
BRDA:532,29,1,0
BRDA:537,30,0,0
BRDA:537,30,1,0
BRDA:550,31,0,0
BRDA:550,31,1,0
BRDA:583,32,0,0
BRDA:583,32,1,0
BRDA:586,33,0,0
BRDA:586,33,1,0
BRDA:599,34,0,0
BRDA:599,34,1,0
BRDA:619,35,0,0
BRDA:619,35,1,0
BRDA:626,36,0,0
BRDA:626,36,1,0
BRDA:629,37,0,0
BRDA:629,37,1,0
BRDA:642,38,0,0
BRDA:642,38,1,0
BRF:85
BRH:0
end_of_record
TN:
SF:src\routes\customers.ts
FN:11,(anonymous_1)
FN:17,(anonymous_2)
FN:31,(anonymous_3)
FN:45,(anonymous_4)
FN:66,(anonymous_5)
FNF:5
FNH:0
FNDA:0,(anonymous_1)
FNDA:0,(anonymous_2)
FNDA:0,(anonymous_3)
FNDA:0,(anonymous_4)
FNDA:0,(anonymous_5)
DA:1,0
DA:2,0
DA:3,0
DA:4,0
DA:5,0
DA:7,0
DA:8,0
DA:11,0
DA:12,0
DA:13,0
DA:17,0
DA:18,0
DA:19,0
DA:20,0
DA:22,0
DA:26,0
DA:27,0
DA:31,0
DA:32,0
DA:33,0
DA:34,0
DA:36,0
DA:37,0
DA:38,0
DA:40,0
DA:45,0
DA:46,0
DA:47,0
DA:48,0
DA:50,0
DA:51,0
DA:52,0
DA:54,0
DA:55,0
DA:59,0
DA:61,0
DA:66,0
DA:67,0
DA:68,0
DA:69,0
DA:71,0
DA:72,0
DA:73,0
DA:75,0
DA:79,0
LF:45
LH:0
BRDA:19,0,0,0
BRDA:19,0,1,0
BRDA:26,1,0,0
BRDA:26,1,1,0
BRDA:33,2,0,0
BRDA:33,2,1,0
BRDA:47,3,0,0
BRDA:47,3,1,0
BRDA:51,4,0,0
BRDA:51,4,1,0
BRDA:68,5,0,0
BRDA:68,5,1,0
BRF:12
BRH:0
end_of_record
TN:
SF:src\routes\domain.ts
FN:7,(anonymous_1)
FNF:1
FNH:0
FNDA:0,(anonymous_1)
DA:1,0
DA:2,0
DA:3,0
DA:4,0
DA:7,0
DA:8,0
DA:9,0
DA:10,0
DA:12,0
DA:13,0
DA:15,0
DA:21,0
DA:24,0
LF:13
LH:0
BRDA:8,0,0,0
BRDA:8,0,1,0
BRDA:10,1,0,0
BRDA:10,1,1,0
BRDA:13,2,0,0
BRDA:13,2,1,0
BRF:6
BRH:0
end_of_record
TN:
SF:src\routes\domainOwners.ts
FN:7,(anonymous_1)
FN:13,(anonymous_2)
FN:23,(anonymous_3)
FN:33,(anonymous_4)
FN:46,(anonymous_5)
FNF:5
FNH:0
FNDA:0,(anonymous_1)
FNDA:0,(anonymous_2)
FNDA:0,(anonymous_3)
FNDA:0,(anonymous_4)
FNDA:0,(anonymous_5)
DA:1,0
DA:2,0
DA:3,0
DA:5,0
DA:7,0
DA:8,0
DA:9,0
DA:13,0
DA:14,0
DA:18,0
DA:19,0
DA:23,0
DA:24,0
DA:25,0
DA:26,0
DA:28,0
DA:33,0
DA:34,0
DA:35,0
DA:39,0
DA:41,0
DA:46,0
DA:47,0
DA:48,0
DA:49,0
DA:51,0
DA:55,0
LF:27
LH:0
BRDA:18,0,0,0
BRDA:18,0,1,0
BRF:2
BRH:0
end_of_record
TN:
SF:src\routes\expenses.ts
FN:11,(anonymous_1)
FN:17,(anonymous_2)
FN:28,(anonymous_3)
FN:43,(anonymous_4)
FN:65,(anonymous_5)
FNF:5
FNH:0
FNDA:0,(anonymous_1)
FNDA:0,(anonymous_2)
FNDA:0,(anonymous_3)
FNDA:0,(anonymous_4)
FNDA:0,(anonymous_5)
DA:1,0
DA:2,0
DA:3,0
DA:4,0
DA:5,0
DA:7,0
DA:8,0
DA:11,0
DA:12,0
DA:13,0
DA:17,0
DA:18,0
DA:19,0
DA:20,0
DA:22,0
DA:23,0
DA:24,0
DA:28,0
DA:30,0
DA:31,0
DA:32,0
DA:34,0
DA:35,0
DA:36,0
DA:38,0
DA:43,0
DA:44,0
DA:45,0
DA:46,0
DA:49,0
DA:50,0
DA:51,0
DA:53,0
DA:54,0
DA:58,0
DA:60,0
DA:65,0
DA:66,0
DA:67,0
DA:68,0
DA:70,0
DA:71,0
DA:72,0
DA:74,0
DA:78,0
LF:45
LH:0
BRDA:19,0,0,0
BRDA:19,0,1,0
BRDA:23,1,0,0
BRDA:23,1,1,0
BRDA:31,2,0,0
BRDA:31,2,1,0
BRDA:45,3,0,0
BRDA:45,3,1,0
BRDA:50,4,0,0
BRDA:50,4,1,0
BRDA:67,5,0,0
BRDA:67,5,1,0
BRF:12
BRH:0
end_of_record
TN:
SF:src\routes\factorStatus.ts
FN:7,(anonymous_0)
FNF:1
FNH:0
FNDA:0,(anonymous_0)
DA:1,0
DA:4,0
DA:7,0
DA:8,0
DA:11,0
LF:5
LH:0
BRF:0
BRH:0
end_of_record
TN:
SF:src\routes\factorType.ts
FN:7,(anonymous_0)
FNF:1
FNH:0
FNDA:0,(anonymous_0)
DA:1,0
DA:4,0
DA:7,0
DA:8,0
DA:11,0
LF:5
LH:0
BRF:0
BRH:0
end_of_record
TN:
SF:src\routes\flowState.ts
FN:5,(anonymous_1)
FN:11,(anonymous_2)
FN:18,(anonymous_3)
FN:28,(anonymous_4)
FN:41,(anonymous_5)
FNF:5
FNH:0
FNDA:0,(anonymous_1)
FNDA:0,(anonymous_2)
FNDA:0,(anonymous_3)
FNDA:0,(anonymous_4)
FNDA:0,(anonymous_5)
DA:1,0
DA:2,0
DA:3,0
DA:5,0
DA:6,0
DA:7,0
DA:11,0
DA:12,0
DA:13,0
DA:14,0
DA:18,0
DA:19,0
DA:20,0
DA:21,0
DA:23,0
DA:28,0
DA:29,0
DA:30,0
DA:34,0
DA:36,0
DA:41,0
DA:42,0
DA:43,0
DA:44,0
DA:46,0
DA:50,0
LF:26
LH:0
BRDA:13,0,0,0
BRDA:13,0,1,0
BRF:2
BRH:0
end_of_record
TN:
SF:src\routes\identities.ts
FN:5,(anonymous_1)
FN:11,(anonymous_2)
FN:18,(anonymous_3)
FN:28,(anonymous_4)
FN:41,(anonymous_5)
FNF:5
FNH:0
FNDA:0,(anonymous_1)
FNDA:0,(anonymous_2)
FNDA:0,(anonymous_3)
FNDA:0,(anonymous_4)
FNDA:0,(anonymous_5)
DA:1,0
DA:2,0
DA:3,0
DA:5,0
DA:6,0
DA:7,0
DA:11,0
DA:12,0
DA:13,0
DA:14,0
DA:18,0
DA:19,0
DA:20,0
DA:21,0
DA:23,0
DA:28,0
DA:29,0
DA:30,0
DA:34,0
DA:36,0
DA:41,0
DA:42,0
DA:43,0
DA:44,0
DA:46,0
DA:50,0
LF:26
LH:0
BRDA:13,0,0,0
BRDA:13,0,1,0
BRF:2
BRH:0
end_of_record
TN:
SF:src\routes\instances.ts
FN:5,(anonymous_1)
FN:11,(anonymous_2)
FN:18,(anonymous_3)
FN:28,(anonymous_4)
FN:41,(anonymous_5)
FNF:5
FNH:0
FNDA:0,(anonymous_1)
FNDA:0,(anonymous_2)
FNDA:0,(anonymous_3)
FNDA:0,(anonymous_4)
FNDA:0,(anonymous_5)
DA:1,0
DA:2,0
DA:3,0
DA:5,0
DA:6,0
DA:7,0
DA:11,0
DA:12,0
DA:13,0
DA:14,0
DA:18,0
DA:19,0
DA:20,0
DA:21,0
DA:23,0
DA:28,0
DA:29,0
DA:30,0
DA:34,0
DA:36,0
DA:41,0
DA:42,0
DA:43,0
DA:44,0
DA:46,0
DA:50,0
LF:26
LH:0
BRDA:13,0,0,0
BRDA:13,0,1,0
BRF:2
BRH:0
end_of_record
TN:
SF:src\routes\mfaAmrClaims.ts
FN:5,(anonymous_1)
FN:11,(anonymous_2)
FN:18,(anonymous_3)
FN:28,(anonymous_4)
FN:41,(anonymous_5)
FNF:5
FNH:0
FNDA:0,(anonymous_1)
FNDA:0,(anonymous_2)
FNDA:0,(anonymous_3)
FNDA:0,(anonymous_4)
FNDA:0,(anonymous_5)
DA:1,0
DA:2,0
DA:3,0
DA:5,0
DA:6,0
DA:7,0
DA:11,0
DA:12,0
DA:13,0
DA:14,0
DA:18,0
DA:19,0
DA:20,0
DA:21,0
DA:23,0
DA:28,0
DA:29,0
DA:30,0
DA:34,0
DA:36,0
DA:41,0
DA:42,0
DA:43,0
DA:44,0
DA:46,0
DA:50,0
LF:26
LH:0
BRDA:13,0,0,0
BRDA:13,0,1,0
BRF:2
BRH:0
end_of_record
TN:
SF:src\routes\mfaChallenges.ts
FN:5,(anonymous_1)
FN:11,(anonymous_2)
FN:18,(anonymous_3)
FN:28,(anonymous_4)
FN:41,(anonymous_5)
FNF:5
FNH:0
FNDA:0,(anonymous_1)
FNDA:0,(anonymous_2)
FNDA:0,(anonymous_3)
FNDA:0,(anonymous_4)
FNDA:0,(anonymous_5)
DA:1,0
DA:2,0
DA:3,0
DA:5,0
DA:6,0
DA:7,0
DA:11,0
DA:12,0
DA:13,0
DA:14,0
DA:18,0
DA:19,0
DA:20,0
DA:21,0
DA:23,0
DA:28,0
DA:29,0
DA:30,0
DA:34,0
DA:36,0
DA:41,0
DA:42,0
DA:43,0
DA:44,0
DA:46,0
DA:50,0
LF:26
LH:0
BRDA:13,0,0,0
BRDA:13,0,1,0
BRF:2
BRH:0
end_of_record
TN:
SF:src\routes\mfaFactors.ts
FN:5,(anonymous_1)
FN:11,(anonymous_2)
FN:18,(anonymous_3)
FN:28,(anonymous_4)
FN:41,(anonymous_5)
FNF:5
FNH:0
FNDA:0,(anonymous_1)
FNDA:0,(anonymous_2)
FNDA:0,(anonymous_3)
FNDA:0,(anonymous_4)
FNDA:0,(anonymous_5)
DA:1,0
DA:2,0
DA:3,0
DA:5,0
DA:6,0
DA:7,0
DA:11,0
DA:12,0
DA:13,0
DA:14,0
DA:18,0
DA:19,0
DA:20,0
DA:21,0
DA:23,0
DA:28,0
DA:29,0
DA:30,0
DA:34,0
DA:36,0
DA:41,0
DA:42,0
DA:43,0
DA:44,0
DA:46,0
DA:50,0
LF:26
LH:0
BRDA:13,0,0,0
BRDA:13,0,1,0
BRF:2
BRH:0
end_of_record
TN:
SF:src\routes\oneTimeTokenType.ts
FN:7,(anonymous_0)
FNF:1
FNH:0
FNDA:0,(anonymous_0)
DA:1,0
DA:4,0
DA:7,0
DA:8,0
DA:18,0
LF:5
LH:0
BRF:0
BRH:0
end_of_record
TN:
SF:src\routes\oneTimeTokens.ts
FN:5,(anonymous_1)
FN:11,(anonymous_2)
FN:21,(anonymous_3)
FN:31,(anonymous_4)
FN:44,(anonymous_5)
FNF:5
FNH:0
FNDA:0,(anonymous_1)
FNDA:0,(anonymous_2)
FNDA:0,(anonymous_3)
FNDA:0,(anonymous_4)
FNDA:0,(anonymous_5)
DA:1,0
DA:2,0
DA:3,0
DA:5,0
DA:6,0
DA:7,0
DA:11,0
DA:12,0
DA:16,0
DA:17,0
DA:21,0
DA:22,0
DA:23,0
DA:24,0
DA:26,0
DA:31,0
DA:32,0
DA:33,0
DA:37,0
DA:39,0
DA:44,0
DA:45,0
DA:46,0
DA:47,0
DA:49,0
DA:53,0
LF:26
LH:0
BRDA:16,0,0,0
BRDA:16,0,1,0
BRF:2
BRH:0
end_of_record
TN:
SF:src\routes\orderItems.ts
FN:5,(anonymous_1)
FN:11,(anonymous_2)
FN:21,(anonymous_3)
FN:31,(anonymous_4)
FN:44,(anonymous_5)
FNF:5
FNH:0
FNDA:0,(anonymous_1)
FNDA:0,(anonymous_2)
FNDA:0,(anonymous_3)
FNDA:0,(anonymous_4)
FNDA:0,(anonymous_5)
DA:1,0
DA:2,0
DA:3,0
DA:5,0
DA:6,0
DA:7,0
DA:11,0
DA:12,0
DA:16,0
DA:17,0
DA:21,0
DA:22,0
DA:23,0
DA:24,0
DA:26,0
DA:31,0
DA:32,0
DA:33,0
DA:37,0
DA:39,0
DA:44,0
DA:45,0
DA:46,0
DA:47,0
DA:49,0
DA:53,0
LF:26
LH:0
BRDA:16,0,0,0
BRDA:16,0,1,0
BRF:2
BRH:0
end_of_record
TN:
SF:src\routes\orders.ts
FN:11,processOrderAcceptance
FN:56,(anonymous_2)
FN:152,(anonymous_3)
FN:211,(anonymous_4)
FN:254,(anonymous_5)
FN:364,(anonymous_6)
FN:397,(anonymous_7)
FN:468,(anonymous_8)
FN:542,(anonymous_9)
FNF:9
FNH:0
FNDA:0,processOrderAcceptance
FNDA:0,(anonymous_2)
FNDA:0,(anonymous_3)
FNDA:0,(anonymous_4)
FNDA:0,(anonymous_5)
FNDA:0,(anonymous_6)
FNDA:0,(anonymous_7)
FNDA:0,(anonymous_8)
FNDA:0,(anonymous_9)
DA:1,0
DA:2,0
DA:3,0
DA:4,0
DA:5,0
DA:7,0
DA:8,0
DA:12,0
DA:14,0
DA:16,0
DA:27,0
DA:28,0
DA:32,0
DA:41,0
DA:42,0
DA:43,0
DA:46,0
DA:49,0
DA:50,0
DA:51,0
DA:56,0
DA:58,0
DA:59,0
DA:73,0
DA:82,0
DA:86,0
DA:99,0
DA:102,0
DA:104,0
DA:112,0
DA:113,0
DA:127,0
DA:138,0
DA:142,0
DA:143,0
DA:146,0
DA:147,0
DA:152,0
DA:153,0
DA:154,0
DA:197,0
DA:198,0
DA:200,0
DA:202,0
DA:203,0
DA:211,0
DA:212,0
DA:213,0
DA:214,0
DA:217,0
DA:218,0
DA:241,0
DA:243,0
DA:245,0
DA:246,0
DA:254,0
DA:255,0
DA:256,0
DA:257,0
DA:260,0
DA:261,0
DA:264,0
DA:266,0
DA:279,0
DA:280,0
DA:283,0
DA:284,0
DA:288,0
DA:306,0
DA:320,0
DA:336,0
DA:338,0
DA:355,0
DA:356,0
DA:364,0
DA:365,0
DA:368,0
DA:369,0
DA:373,0
DA:374,0
DA:375,0
DA:378,0
DA:379,0
DA:390,0
DA:392,0
DA:397,0
DA:398,0
DA:399,0
DA:400,0
DA:403,0
DA:404,0
DA:405,0
DA:408,0
DA:409,0
DA:412,0
DA:414,0
DA:419,0
DA:420,0
DA:424,0
DA:425,0
DA:429,0
DA:435,0
DA:436,0
DA:437,0
DA:440,0
DA:441,0
DA:443,0
DA:444,0
DA:445,0
DA:447,0
DA:449,0
DA:457,0
DA:459,0
DA:460,0
DA:468,0
DA:469,0
DA:470,0
DA:471,0
DA:474,0
DA:475,0
DA:478,0
DA:480,0
DA:491,0
DA:492,0
DA:495,0
DA:496,0
DA:500,0
DA:501,0
DA:502,0
DA:508,0
DA:510,0
DA:511,0
DA:513,0
DA:525,0
DA:526,0
DA:533,0
DA:534,0
DA:542,0
DA:543,0
DA:544,0
DA:545,0
DA:547,0
DA:548,0
DA:549,0
DA:551,0
DA:555,0
LF:146
LH:0
BRDA:27,0,0,0
BRDA:27,0,1,0
BRDA:41,1,0,0
BRDA:41,1,1,0
BRDA:50,2,0,0
BRDA:50,2,1,0
BRDA:102,3,0,0
BRDA:102,3,1,0
BRDA:112,4,0,0
BRDA:112,4,1,0
BRDA:198,5,0,0
BRDA:198,5,1,0
BRDA:205,6,0,0
BRDA:205,6,1,0
BRDA:213,7,0,0
BRDA:213,7,1,0
BRDA:241,8,0,0
BRDA:241,8,1,0
BRDA:248,9,0,0
BRDA:248,9,1,0
BRDA:256,10,0,0
BRDA:256,10,1,0
BRDA:260,11,0,0
BRDA:260,11,1,0
BRDA:279,12,0,0
BRDA:279,12,1,0
BRDA:283,13,0,0
BRDA:283,13,1,0
BRDA:336,14,0,0
BRDA:336,14,1,0
BRDA:342,15,0,0
BRDA:342,15,1,0
BRDA:342,16,0,0
BRDA:342,16,1,0
BRDA:358,17,0,0
BRDA:358,17,1,0
BRDA:368,18,0,0
BRDA:368,18,1,0
BRDA:368,19,0,0
BRDA:368,19,1,0
BRDA:368,19,2,0
BRDA:374,20,0,0
BRDA:374,20,1,0
BRDA:392,21,0,0
BRDA:392,21,1,0
BRDA:399,22,0,0
BRDA:399,22,1,0
BRDA:404,23,0,0
BRDA:404,23,1,0
BRDA:408,24,0,0
BRDA:408,24,1,0
BRDA:419,25,0,0
BRDA:419,25,1,0
BRDA:424,26,0,0
BRDA:424,26,1,0
BRDA:436,27,0,0
BRDA:436,27,1,0
BRDA:437,28,0,0
BRDA:437,28,1,0
BRDA:440,29,0,0
BRDA:440,29,1,0
BRDA:440,30,0,0
BRDA:440,30,1,0
BRDA:452,31,0,0
BRDA:452,31,1,0
BRDA:462,32,0,0
BRDA:462,32,1,0
BRDA:470,33,0,0
BRDA:470,33,1,0
BRDA:474,34,0,0
BRDA:474,34,1,0
BRDA:491,35,0,0
BRDA:491,35,1,0
BRDA:495,36,0,0
BRDA:495,36,1,0
BRDA:501,37,0,0
BRDA:501,37,1,0
BRDA:501,38,0,0
BRDA:501,38,1,0
BRDA:528,39,0,0
BRDA:528,39,1,0
BRDA:536,40,0,0
BRDA:536,40,1,0
BRDA:544,41,0,0
BRDA:544,41,1,0
BRF:85
BRH:0
end_of_record
TN:
SF:src\routes\productCosts.ts
FN:5,(anonymous_1)
FN:11,(anonymous_2)
FN:18,(anonymous_3)
FN:28,(anonymous_4)
FN:41,(anonymous_5)
FNF:5
FNH:0
FNDA:0,(anonymous_1)
FNDA:0,(anonymous_2)
FNDA:0,(anonymous_3)
FNDA:0,(anonymous_4)
FNDA:0,(anonymous_5)
DA:1,0
DA:2,0
DA:3,0
DA:5,0
DA:6,0
DA:7,0
DA:11,0
DA:12,0
DA:13,0
DA:14,0
DA:18,0
DA:19,0
DA:20,0
DA:21,0
DA:23,0
DA:28,0
DA:29,0
DA:30,0
DA:34,0
DA:36,0
DA:41,0
DA:42,0
DA:43,0
DA:44,0
DA:46,0
DA:50,0
LF:26
LH:0
BRDA:13,0,0,0
BRDA:13,0,1,0
BRF:2
BRH:0
end_of_record
TN:
SF:src\routes\products.ts
FN:34,(anonymous_1)
FN:50,(anonymous_2)
FN:210,(anonymous_3)
FN:219,(anonymous_4)
FN:274,(anonymous_5)
FN:313,(anonymous_6)
FN:390,(anonymous_7)
FN:430,(anonymous_8)
FN:491,(anonymous_9)
FNF:9
FNH:0
FNDA:0,(anonymous_1)
FNDA:0,(anonymous_2)
FNDA:0,(anonymous_3)
FNDA:0,(anonymous_4)
FNDA:0,(anonymous_5)
FNDA:0,(anonymous_6)
FNDA:0,(anonymous_7)
FNDA:0,(anonymous_8)
FNDA:0,(anonymous_9)
DA:2,0
DA:3,0
DA:4,0
DA:5,0
DA:6,0
DA:8,0
DA:9,0
DA:10,0
DA:11,0
DA:24,0
DA:26,0
DA:29,0
DA:36,0
DA:37,0
DA:39,0
DA:45,0
DA:46,0
DA:50,0
DA:51,0
DA:53,0
DA:54,0
DA:56,0
DA:57,0
DA:58,0
DA:59,0
DA:60,0
DA:63,0
DA:64,0
DA:65,0
DA:66,0
DA:67,0
DA:68,0
DA:71,0
DA:72,0
DA:79,0
DA:80,0
DA:81,0
DA:91,0
DA:92,0
DA:94,0
DA:95,0
DA:97,0
DA:104,0
DA:105,0
DA:106,0
DA:117,0
DA:120,0
DA:124,0
DA:125,0
DA:128,0
DA:129,0
DA:130,0
DA:136,0
DA:139,0
DA:140,0
DA:143,0
DA:144,0
DA:145,0
DA:146,0
DA:148,0
DA:156,0
DA:157,0
DA:158,0
DA:160,0
DA:166,0
DA:192,0
DA:195,0
DA:197,0
DA:199,0
DA:200,0
DA:205,0
DA:210,0
DA:220,0
DA:222,0
DA:224,0
DA:227,0
DA:228,0
DA:235,0
DA:236,0
DA:240,0
DA:241,0
DA:245,0
DA:248,0
DA:265,0
DA:266,0
DA:268,0
DA:269,0
DA:274,0
DA:275,0
DA:277,0
DA:278,0
DA:279,0
DA:282,0
DA:283,0
DA:296,0
DA:297,0
DA:301,0
DA:302,0
DA:305,0
DA:307,0
DA:308,0
DA:313,0
DA:314,0
DA:316,0
DA:317,0
DA:318,0
DA:321,0
DA:323,0
DA:328,0
DA:329,0
DA:332,0
DA:333,0
DA:337,0
DA:342,0
DA:343,0
DA:344,0
DA:345,0
DA:348,0
DA:349,0
DA:350,0
DA:353,0
DA:354,0
DA:357,0
DA:358,0
DA:360,0
DA:361,0
DA:363,0
DA:377,0
DA:380,0
DA:382,0
DA:384,0
DA:385,0
DA:390,0
DA:391,0
DA:393,0
DA:394,0
DA:395,0
DA:398,0
DA:400,0
DA:405,0
DA:406,0
DA:409,0
DA:410,0
DA:413,0
DA:417,0
DA:420,0
DA:422,0
DA:424,0
DA:425,0
DA:430,0
DA:431,0
DA:433,0
DA:435,0
DA:440,0
DA:441,0
DA:444,0
DA:447,0
DA:455,0
DA:457,0
DA:458,0
DA:465,0
DA:475,0
DA:477,0
DA:485,0
DA:486,0
DA:491,0
DA:492,0
DA:494,0
DA:495,0
DA:496,0
DA:499,0
DA:500,0
DA:507,0
DA:508,0
DA:517,0
DA:518,0
DA:520,0
DA:522,0
DA:529,0
DA:530,0
DA:531,0
DA:542,0
DA:546,0
DA:551,0
DA:559,0
DA:560,0
DA:567,0
LF:187
LH:0
BRDA:36,0,0,0
BRDA:36,0,1,0
BRDA:45,1,0,0
BRDA:45,1,1,0
BRDA:45,2,0,0
BRDA:45,2,1,0
BRDA:51,3,0,0
BRDA:51,3,1,0
BRDA:63,4,0,0
BRDA:63,4,1,0
BRDA:63,5,0,0
BRDA:63,5,1,0
BRDA:66,6,0,0
BRDA:66,6,1,0
BRDA:66,7,0,0
BRDA:66,7,1,0
BRDA:66,7,2,0
BRDA:66,7,3,0
BRDA:71,8,0,0
BRDA:71,8,1,0
BRDA:79,9,0,0
BRDA:79,9,1,0
BRDA:79,10,0,0
BRDA:79,10,1,0
BRDA:104,11,0,0
BRDA:104,11,1,0
BRDA:128,12,0,0
BRDA:128,12,1,0
BRDA:128,13,0,0
BRDA:128,13,1,0
BRDA:144,14,0,0
BRDA:144,14,1,0
BRDA:145,15,0,0
BRDA:145,15,1,0
BRDA:146,16,0,0
BRDA:146,16,1,0
BRDA:157,17,0,0
BRDA:157,17,1,0
BRDA:158,18,0,0
BRDA:158,18,1,0
BRDA:169,19,0,0
BRDA:169,19,1,0
BRDA:170,20,0,0
BRDA:170,20,1,0
BRDA:171,21,0,0
BRDA:171,21,1,0
BRDA:174,22,0,0
BRDA:174,22,1,0
BRDA:176,23,0,0
BRDA:176,23,1,0
BRDA:220,24,0,0
BRDA:220,24,1,0
BRDA:227,25,0,0
BRDA:227,25,1,0
BRDA:235,26,0,0
BRDA:235,26,1,0
BRDA:240,27,0,0
BRDA:240,27,1,0
BRDA:275,28,0,0
BRDA:275,28,1,0
BRDA:278,29,0,0
BRDA:278,29,1,0
BRDA:296,30,0,0
BRDA:296,30,1,0
BRDA:301,31,0,0
BRDA:301,31,1,0
BRDA:314,32,0,0
BRDA:314,32,1,0
BRDA:317,33,0,0
BRDA:317,33,1,0
BRDA:328,34,0,0
BRDA:328,34,1,0
BRDA:332,35,0,0
BRDA:332,35,1,0
BRDA:342,36,0,0
BRDA:342,36,1,0
BRDA:343,37,0,0
BRDA:343,37,1,0
BRDA:344,38,0,0
BRDA:344,38,1,0
BRDA:345,39,0,0
BRDA:345,39,1,0
BRDA:348,40,0,0
BRDA:348,40,1,0
BRDA:348,41,0,0
BRDA:348,41,1,0
BRDA:349,42,0,0
BRDA:349,42,1,0
BRDA:349,43,0,0
BRDA:349,43,1,0
BRDA:350,44,0,0
BRDA:350,44,1,0
BRDA:350,45,0,0
BRDA:350,45,1,0
BRDA:353,46,0,0
BRDA:353,46,1,0
BRDA:354,47,0,0
BRDA:354,47,1,0
BRDA:357,48,0,0
BRDA:357,48,1,0
BRDA:358,49,0,0
BRDA:358,49,1,0
BRDA:391,50,0,0
BRDA:391,50,1,0
BRDA:394,51,0,0
BRDA:394,51,1,0
BRDA:405,52,0,0
BRDA:405,52,1,0
BRDA:409,53,0,0
BRDA:409,53,1,0
BRDA:431,54,0,0
BRDA:431,54,1,0
BRDA:440,55,0,0
BRDA:440,55,1,0
BRDA:457,56,0,0
BRDA:457,56,1,0
BRDA:492,57,0,0
BRDA:492,57,1,0
BRDA:495,58,0,0
BRDA:495,58,1,0
BRDA:507,59,0,0
BRDA:507,59,1,0
BRDA:507,60,0,0
BRDA:507,60,1,0
BRDA:529,61,0,0
BRDA:529,61,1,0
BRF:126
BRH:0
end_of_record
TN:
SF:src\routes\profiles.ts
FN:10,(anonymous_1)
FN:16,(anonymous_2)
FN:30,(anonymous_3)
FN:40,(anonymous_4)
FN:57,(anonymous_5)
FNF:5
FNH:0
FNDA:0,(anonymous_1)
FNDA:0,(anonymous_2)
FNDA:0,(anonymous_3)
FNDA:0,(anonymous_4)
FNDA:0,(anonymous_5)
DA:1,0
DA:2,0
DA:3,0
DA:4,0
DA:6,0
DA:7,0
DA:10,0
DA:11,0
DA:12,0
DA:16,0
DA:17,0
DA:18,0
DA:19,0
DA:21,0
DA:25,0
DA:26,0
DA:30,0
DA:31,0
DA:32,0
DA:33,0
DA:35,0
DA:40,0
DA:41,0
DA:42,0
DA:43,0
DA:45,0
DA:46,0
DA:50,0
DA:52,0
DA:57,0
DA:58,0
DA:59,0
DA:60,0
DA:62,0
DA:63,0
DA:64,0
DA:66,0
DA:70,0
LF:38
LH:0
BRDA:18,0,0,0
BRDA:18,0,1,0
BRDA:25,1,0,0
BRDA:25,1,1,0
BRDA:42,2,0,0
BRDA:42,2,1,0
BRDA:59,3,0,0
BRDA:59,3,1,0
BRF:8
BRH:0
end_of_record
TN:
SF:src\routes\refreshTokens.ts
FN:5,(anonymous_1)
FN:11,(anonymous_2)
FN:21,(anonymous_3)
FN:31,(anonymous_4)
FN:44,(anonymous_5)
FNF:5
FNH:0
FNDA:0,(anonymous_1)
FNDA:0,(anonymous_2)
FNDA:0,(anonymous_3)
FNDA:0,(anonymous_4)
FNDA:0,(anonymous_5)
DA:1,0
DA:2,0
DA:3,0
DA:5,0
DA:6,0
DA:7,0
DA:11,0
DA:12,0
DA:16,0
DA:17,0
DA:21,0
DA:22,0
DA:23,0
DA:24,0
DA:26,0
DA:31,0
DA:32,0
DA:33,0
DA:37,0
DA:39,0
DA:44,0
DA:45,0
DA:46,0
DA:47,0
DA:49,0
DA:53,0
LF:26
LH:0
BRDA:16,0,0,0
BRDA:16,0,1,0
BRF:2
BRH:0
end_of_record
TN:
SF:src\routes\sales.ts
FN:19,(anonymous_1)
FN:28,(anonymous_2)
FN:73,(anonymous_3)
FN:88,(anonymous_4)
FN:107,(anonymous_5)
FN:166,(anonymous_6)
FN:189,(anonymous_7)
FN:204,(anonymous_8)
FN:265,(anonymous_9)
FNF:9
FNH:0
FNDA:0,(anonymous_1)
FNDA:0,(anonymous_2)
FNDA:0,(anonymous_3)
FNDA:0,(anonymous_4)
FNDA:0,(anonymous_5)
FNDA:0,(anonymous_6)
FNDA:0,(anonymous_7)
FNDA:0,(anonymous_8)
FNDA:0,(anonymous_9)
DA:1,0
DA:2,0
DA:3,0
DA:4,0
DA:5,0
DA:6,0
DA:7,0
DA:8,0
DA:10,0
DA:11,0
DA:14,0
DA:19,0
DA:29,0
DA:31,0
DA:33,0
DA:36,0
DA:37,0
DA:41,0
DA:42,0
DA:43,0
DA:44,0
DA:46,0
DA:47,0
DA:52,0
DA:55,0
DA:73,0
DA:79,0
DA:80,0
DA:82,0
DA:83,0
DA:88,0
DA:89,0
DA:90,0
DA:91,0
DA:93,0
DA:94,0
DA:98,0
DA:99,0
DA:101,0
DA:102,0
DA:107,0
DA:108,0
DA:110,0
DA:113,0
DA:115,0
DA:116,0
DA:117,0
DA:118,0
DA:121,0
DA:123,0
DA:133,0
DA:135,0
DA:138,0
DA:139,0
DA:140,0
DA:141,0
DA:145,0
DA:147,0
DA:152,0
DA:154,0
DA:155,0
DA:157,0
DA:158,0
DA:166,0
DA:167,0
DA:168,0
DA:169,0
DA:171,0
DA:172,0
DA:173,0
DA:176,0
DA:177,0
DA:181,0
DA:183,0
DA:184,0
DA:189,0
DA:190,0
DA:191,0
DA:192,0
DA:194,0
DA:195,0
DA:196,0
DA:198,0
DA:199,0
DA:204,0
DA:205,0
DA:207,0
DA:209,0
DA:211,0
DA:213,0
DA:214,0
DA:222,0
DA:234,0
DA:235,0
DA:239,0
DA:240,0
DA:244,0
DA:245,0
DA:252,0
DA:253,0
DA:255,0
DA:265,0
DA:267,0
DA:280,0
DA:283,0
DA:288,0
DA:291,0
DA:304,0
DA:306,0
DA:310,0
DA:312,0
DA:314,0
DA:327,0
DA:328,0
DA:335,0
LF:115
LH:0
BRDA:29,0,0,0
BRDA:29,0,1,0
BRDA:36,1,0,0
BRDA:36,1,1,0
BRDA:41,2,0,0
BRDA:41,2,1,0
BRDA:41,3,0,0
BRDA:41,3,1,0
BRDA:43,4,0,0
BRDA:43,4,1,0
BRDA:46,5,0,0
BRDA:46,5,1,0
BRDA:90,6,0,0
BRDA:90,6,1,0
BRDA:98,7,0,0
BRDA:98,7,1,0
BRDA:108,8,0,0
BRDA:108,8,1,0
BRDA:116,9,0,0
BRDA:116,9,1,0
BRDA:130,10,0,0
BRDA:130,10,1,0
BRDA:138,11,0,0
BRDA:138,11,1,0
BRDA:160,12,0,0
BRDA:160,12,1,0
BRDA:168,13,0,0
BRDA:168,13,1,0
BRDA:172,14,0,0
BRDA:172,14,1,0
BRDA:191,15,0,0
BRDA:191,15,1,0
BRDA:205,16,0,0
BRDA:205,16,1,0
BRDA:211,17,0,0
BRDA:213,18,0,0
BRDA:213,18,1,0
BRDA:213,19,0,0
BRDA:213,19,1,0
BRDA:213,19,2,0
BRDA:234,20,0,0
BRDA:234,20,1,0
BRDA:239,21,0,0
BRDA:239,21,1,0
BRDA:244,22,0,0
BRDA:244,22,1,0
BRDA:253,23,0,0
BRDA:253,23,1,0
BRDA:330,24,0,0
BRDA:330,24,1,0
BRF:50
BRH:0
end_of_record
TN:
SF:src\routes\samlProviders.ts
FN:5,(anonymous_1)
FN:11,(anonymous_2)
FN:18,(anonymous_3)
FN:28,(anonymous_4)
FN:41,(anonymous_5)
FNF:5
FNH:0
FNDA:0,(anonymous_1)
FNDA:0,(anonymous_2)
FNDA:0,(anonymous_3)
FNDA:0,(anonymous_4)
FNDA:0,(anonymous_5)
DA:1,0
DA:2,0
DA:3,0
DA:5,0
DA:6,0
DA:7,0
DA:11,0
DA:12,0
DA:13,0
DA:14,0
DA:18,0
DA:19,0
DA:20,0
DA:21,0
DA:23,0
DA:28,0
DA:29,0
DA:30,0
DA:34,0
DA:36,0
DA:41,0
DA:42,0
DA:43,0
DA:44,0
DA:46,0
DA:50,0
LF:26
LH:0
BRDA:13,0,0,0
BRDA:13,0,1,0
BRF:2
BRH:0
end_of_record
TN:
SF:src\routes\samlRelayStates.ts
FN:5,(anonymous_1)
FN:11,(anonymous_2)
FN:18,(anonymous_3)
FN:28,(anonymous_4)
FN:41,(anonymous_5)
FNF:5
FNH:0
FNDA:0,(anonymous_1)
FNDA:0,(anonymous_2)
FNDA:0,(anonymous_3)
FNDA:0,(anonymous_4)
FNDA:0,(anonymous_5)
DA:1,0
DA:2,0
DA:3,0
DA:5,0
DA:6,0
DA:7,0
DA:11,0
DA:12,0
DA:13,0
DA:14,0
DA:18,0
DA:19,0
DA:20,0
DA:21,0
DA:23,0
DA:28,0
DA:29,0
DA:30,0
DA:34,0
DA:36,0
DA:41,0
DA:42,0
DA:43,0
DA:44,0
DA:46,0
DA:50,0
LF:26
LH:0
BRDA:13,0,0,0
BRDA:13,0,1,0
BRF:2
BRH:0
end_of_record
TN:
SF:src\routes\schemaMigrations.ts
FN:5,(anonymous_1)
FN:11,(anonymous_2)
FN:18,(anonymous_3)
FN:28,(anonymous_4)
FN:41,(anonymous_5)
FNF:5
FNH:0
FNDA:0,(anonymous_1)
FNDA:0,(anonymous_2)
FNDA:0,(anonymous_3)
FNDA:0,(anonymous_4)
FNDA:0,(anonymous_5)
DA:1,0
DA:2,0
DA:3,0
DA:5,0
DA:6,0
DA:7,0
DA:11,0
DA:12,0
DA:13,0
DA:14,0
DA:18,0
DA:19,0
DA:20,0
DA:21,0
DA:23,0
DA:28,0
DA:29,0
DA:30,0
DA:34,0
DA:36,0
DA:41,0
DA:42,0
DA:43,0
DA:44,0
DA:46,0
DA:50,0
LF:26
LH:0
BRDA:13,0,0,0
BRDA:13,0,1,0
BRF:2
BRH:0
end_of_record
TN:
SF:src\routes\sessions.ts
FN:5,(anonymous_1)
FN:11,(anonymous_2)
FN:18,(anonymous_3)
FN:28,(anonymous_4)
FN:41,(anonymous_5)
FNF:5
FNH:0
FNDA:0,(anonymous_1)
FNDA:0,(anonymous_2)
FNDA:0,(anonymous_3)
FNDA:0,(anonymous_4)
FNDA:0,(anonymous_5)
DA:1,0
DA:2,0
DA:3,0
DA:5,0
DA:6,0
DA:7,0
DA:11,0
DA:12,0
DA:13,0
DA:14,0
DA:18,0
DA:19,0
DA:20,0
DA:21,0
DA:23,0
DA:28,0
DA:29,0
DA:30,0
DA:34,0
DA:36,0
DA:41,0
DA:42,0
DA:43,0
DA:44,0
DA:46,0
DA:50,0
LF:26
LH:0
BRDA:13,0,0,0
BRDA:13,0,1,0
BRF:2
BRH:0
end_of_record
TN:
SF:src\routes\site.ts
FN:10,(anonymous_1)
FN:23,(anonymous_2)
FN:90,(anonymous_3)
FN:146,(anonymous_4)
FN:152,(anonymous_5)
FN:176,(anonymous_6)
FNF:6
FNH:0
FNDA:0,(anonymous_1)
FNDA:0,(anonymous_2)
FNDA:0,(anonymous_3)
FNDA:0,(anonymous_4)
FNDA:0,(anonymous_5)
FNDA:0,(anonymous_6)
DA:1,0
DA:2,0
DA:3,0
DA:4,0
DA:5,0
DA:7,0
DA:10,0
DA:11,0
DA:12,0
DA:13,0
DA:15,0
DA:17,0
DA:18,0
DA:19,0
DA:23,0
DA:24,0
DA:25,0
DA:26,0
DA:28,0
DA:30,0
DA:31,0
DA:33,0
DA:48,0
DA:50,0
DA:53,0
DA:68,0
DA:71,0
DA:84,0
DA:86,0
DA:90,0
DA:91,0
DA:92,0
DA:93,0
DA:95,0
DA:97,0
DA:98,0
DA:101,0
DA:102,0
DA:104,0
DA:107,0
DA:111,0
DA:114,0
DA:118,0
DA:121,0
DA:145,0
DA:146,0
DA:148,0
DA:152,0
DA:153,0
DA:154,0
DA:155,0
DA:157,0
DA:159,0
DA:160,0
DA:162,0
DA:172,0
DA:176,0
DA:177,0
DA:178,0
DA:179,0
DA:182,0
DA:183,0
DA:185,0
DA:186,0
DA:187,0
DA:190,0
DA:191,0
DA:194,0
DA:219,0
DA:220,0
DA:223,0
DA:225,0
DA:228,0
LF:73
LH:0
BRDA:12,0,0,0
BRDA:12,0,1,0
BRDA:18,1,0,0
BRDA:18,1,1,0
BRDA:25,2,0,0
BRDA:25,2,1,0
BRDA:48,3,0,0
BRDA:48,3,1,0
BRDA:73,4,0,0
BRDA:73,4,1,0
BRDA:74,5,0,0
BRDA:74,5,1,0
BRDA:75,6,0,0
BRDA:75,6,1,0
BRDA:76,7,0,0
BRDA:76,7,1,0
BRDA:77,8,0,0
BRDA:77,8,1,0
BRDA:77,8,2,0
BRDA:78,9,0,0
BRDA:78,9,1,0
BRDA:79,10,0,0
BRDA:79,10,1,0
BRDA:80,11,0,0
BRDA:80,11,1,0
BRDA:92,12,0,0
BRDA:92,12,1,0
BRDA:104,13,0,0
BRDA:104,13,1,0
BRDA:154,14,0,0
BRDA:154,14,1,0
BRDA:160,15,0,0
BRDA:160,15,1,0
BRDA:178,16,0,0
BRDA:178,16,1,0
BRDA:191,17,0,0
BRDA:191,17,1,0
BRDA:219,18,0,0
BRDA:219,18,1,0
BRF:39
BRH:0
end_of_record
TN:
SF:src\routes\ssoDomains.ts
FN:5,(anonymous_1)
FN:11,(anonymous_2)
FN:18,(anonymous_3)
FN:28,(anonymous_4)
FN:41,(anonymous_5)
FNF:5
FNH:0
FNDA:0,(anonymous_1)
FNDA:0,(anonymous_2)
FNDA:0,(anonymous_3)
FNDA:0,(anonymous_4)
FNDA:0,(anonymous_5)
DA:1,0
DA:2,0
DA:3,0
DA:5,0
DA:6,0
DA:7,0
DA:11,0
DA:12,0
DA:13,0
DA:14,0
DA:18,0
DA:19,0
DA:20,0
DA:21,0
DA:23,0
DA:28,0
DA:29,0
DA:30,0
DA:34,0
DA:36,0
DA:41,0
DA:42,0
DA:43,0
DA:44,0
DA:46,0
DA:50,0
LF:26
LH:0
BRDA:13,0,0,0
BRDA:13,0,1,0
BRF:2
BRH:0
end_of_record
TN:
SF:src\routes\ssoProviders.ts
FN:5,(anonymous_1)
FN:11,(anonymous_2)
FN:18,(anonymous_3)
FN:28,(anonymous_4)
FN:41,(anonymous_5)
FNF:5
FNH:0
FNDA:0,(anonymous_1)
FNDA:0,(anonymous_2)
FNDA:0,(anonymous_3)
FNDA:0,(anonymous_4)
FNDA:0,(anonymous_5)
DA:1,0
DA:2,0
DA:3,0
DA:5,0
DA:6,0
DA:7,0
DA:11,0
DA:12,0
DA:13,0
DA:14,0
DA:18,0
DA:19,0
DA:20,0
DA:21,0
DA:23,0
DA:28,0
DA:29,0
DA:30,0
DA:34,0
DA:36,0
DA:41,0
DA:42,0
DA:43,0
DA:44,0
DA:46,0
DA:50,0
LF:26
LH:0
BRDA:13,0,0,0
BRDA:13,0,1,0
BRF:2
BRH:0
end_of_record
TN:
SF:src\routes\storeSettings.ts
FN:8,(anonymous_1)
FN:22,(anonymous_2)
FN:32,(anonymous_3)
FN:46,(anonymous_4)
FN:63,(anonymous_5)
FNF:5
FNH:0
FNDA:0,(anonymous_1)
FNDA:0,(anonymous_2)
FNDA:0,(anonymous_3)
FNDA:0,(anonymous_4)
FNDA:0,(anonymous_5)
DA:1,0
DA:2,0
DA:3,0
DA:4,0
DA:6,0
DA:8,0
DA:9,0
DA:10,0
DA:12,0
DA:13,0
DA:15,0
DA:17,0
DA:18,0
DA:22,0
DA:23,0
DA:27,0
DA:28,0
DA:32,0
DA:33,0
DA:34,0
DA:35,0
DA:37,0
DA:38,0
DA:39,0
DA:41,0
DA:46,0
DA:47,0
DA:48,0
DA:49,0
DA:51,0
DA:52,0
DA:56,0
DA:58,0
DA:63,0
DA:64,0
DA:65,0
DA:66,0
DA:68,0
DA:72,0
LF:39
LH:0
BRDA:10,0,0,0
BRDA:10,0,1,0
BRDA:13,1,0,0
BRDA:13,1,1,0
BRDA:27,2,0,0
BRDA:27,2,1,0
BRDA:34,3,0,0
BRDA:34,3,1,0
BRDA:48,4,0,0
BRDA:48,4,1,0
BRF:10
BRH:0
end_of_record
TN:
SF:src\routes\stores.ts
FN:10,(anonymous_1)
FN:13,(anonymous_2)
FN:21,(anonymous_3)
FN:35,(anonymous_4)
FN:45,(anonymous_5)
FN:62,(anonymous_6)
FNF:6
FNH:0
FNDA:0,(anonymous_1)
FNDA:0,(anonymous_2)
FNDA:0,(anonymous_3)
FNDA:0,(anonymous_4)
FNDA:0,(anonymous_5)
FNDA:0,(anonymous_6)
DA:1,0
DA:2,0
DA:3,0
DA:4,0
DA:6,0
DA:7,0
DA:10,0
DA:11,0
DA:13,0
DA:17,0
DA:21,0
DA:22,0
DA:23,0
DA:24,0
DA:26,0
DA:30,0
DA:31,0
DA:35,0
DA:36,0
DA:37,0
DA:38,0
DA:40,0
DA:45,0
DA:46,0
DA:47,0
DA:48,0
DA:50,0
DA:51,0
DA:55,0
DA:57,0
DA:62,0
DA:63,0
DA:64,0
DA:65,0
DA:67,0
DA:68,0
DA:69,0
DA:71,0
DA:75,0
LF:39
LH:0
BRDA:23,0,0,0
BRDA:23,0,1,0
BRDA:30,1,0,0
BRDA:30,1,1,0
BRDA:47,2,0,0
BRDA:47,2,1,0
BRDA:64,3,0,0
BRDA:64,3,1,0
BRF:8
BRH:0
end_of_record
TN:
SF:src\routes\users.ts
FN:7,filtrarUsuario
FN:18,(anonymous_2)
FN:24,(anonymous_3)
FN:35,(anonymous_4)
FN:45,(anonymous_5)
FN:62,(anonymous_6)
FNF:6
FNH:0
FNDA:0,filtrarUsuario
FNDA:0,(anonymous_2)
FNDA:0,(anonymous_3)
FNDA:0,(anonymous_4)
FNDA:0,(anonymous_5)
FNDA:0,(anonymous_6)
DA:1,0
DA:2,0
DA:3,0
DA:4,0
DA:6,0
DA:8,0
DA:9,0
DA:10,0
DA:13,0
DA:18,0
DA:19,0
DA:20,0
DA:24,0
DA:25,0
DA:26,0
DA:27,0
DA:29,0
DA:30,0
DA:31,0
DA:35,0
DA:36,0
DA:37,0
DA:38,0
DA:40,0
DA:45,0
DA:46,0
DA:47,0
DA:48,0
DA:50,0
DA:51,0
DA:55,0
DA:57,0
DA:62,0
DA:63,0
DA:64,0
DA:65,0
DA:67,0
DA:68,0
DA:69,0
DA:71,0
DA:75,0
LF:41
LH:0
BRDA:8,0,0,0
BRDA:8,0,1,0
BRDA:26,1,0,0
BRDA:26,1,1,0
BRDA:30,2,0,0
BRDA:30,2,1,0
BRDA:47,3,0,0
BRDA:47,3,1,0
BRDA:64,4,0,0
BRDA:64,4,1,0
BRF:10
BRH:0
end_of_record
TN:
SF:src\zod\index.ts
FN:21,(anonymous_0)
FN:21,(anonymous_1)
FN:22,(anonymous_2)
FN:22,(anonymous_3)
FN:25,(anonymous_4)
FN:26,(anonymous_5)
FN:40,(anonymous_6)
FN:51,(anonymous_7)
FN:52,(anonymous_8)
FN:70,(anonymous_9)
FN:74,(anonymous_10)
FN:138,(anonymous_11)
FN:240,(anonymous_12)
FN:250,(anonymous_13)
FN:260,(anonymous_14)
FN:261,(anonymous_15)
FN:280,(anonymous_16)
FN:294,(anonymous_17)
FNF:18
FNH:5
FNDA:0,(anonymous_0)
FNDA:0,(anonymous_1)
FNDA:0,(anonymous_2)
FNDA:0,(anonymous_3)
FNDA:0,(anonymous_4)
FNDA:0,(anonymous_5)
FNDA:0,(anonymous_6)
FNDA:3,(anonymous_7)
FNDA:0,(anonymous_8)
FNDA:0,(anonymous_9)
FNDA:0,(anonymous_10)
FNDA:0,(anonymous_11)
FNDA:3,(anonymous_12)
FNDA:1,(anonymous_13)
FNDA:4,(anonymous_14)
FNDA:0,(anonymous_15)
FNDA:0,(anonymous_16)
FNDA:4,(anonymous_17)
DA:1,1
DA:8,1
DA:15,1
DA:18,1
DA:21,0
DA:22,0
DA:25,0
DA:26,0
DA:31,1
DA:34,1
DA:41,0
DA:42,0
DA:43,0
DA:45,0
DA:51,3
DA:52,0
DA:55,1
DA:65,1
DA:70,0
DA:75,0
DA:76,0
DA:77,0
DA:79,0
DA:86,1
DA:96,1
DA:103,1
DA:111,1
DA:120,1
DA:130,1
DA:139,0
DA:140,0
DA:141,0
DA:147,1
DA:158,1
DA:172,1
DA:187,1
DA:200,1
DA:214,1
DA:225,1
DA:237,1
DA:242,3
DA:243,1
DA:244,0
DA:251,1
DA:252,1
DA:253,0
DA:255,1
DA:260,4
DA:261,0
DA:265,1
DA:268,1
DA:281,0
DA:282,0
DA:283,0
DA:285,0
DA:294,4
LF:56
LH:32
BRDA:42,0,0,0
BRDA:42,0,1,0
BRDA:42,1,0,0
BRDA:42,1,1,0
BRDA:76,2,0,0
BRDA:76,2,1,0
BRDA:76,3,0,0
BRDA:76,3,1,0
BRDA:140,4,0,0
BRDA:140,4,1,0
BRDA:242,5,0,2
BRDA:242,5,1,1
BRDA:243,6,0,1
BRDA:243,6,1,0
BRDA:252,7,0,0
BRDA:252,7,1,1
BRDA:252,8,0,1
BRDA:252,8,1,1
BRDA:282,9,0,0
BRDA:282,9,1,0
BRDA:282,10,0,0
BRDA:282,10,1,0
BRF:22
BRH:6
end_of_record
